C:\USERS\CREEC\DESKTOP\SILENT\XBNETWORK FULL SOURCE\XBNETWORK FULL SOURCE\STEALTH-CLIENT\STEALTH\RELEASE RETAIL\ANTICHEATHOOKS.OBJ
C:\Users\creec\Desktop\silent\xbNetWork Full source\xbNetWork Full source\Stealth-Client\Stealth\Release Retail\CL.1688.read.1.tlog
C:\Users\creec\Desktop\silent\xbNetWork Full source\xbNetWork Full source\Stealth-Client\Stealth\Release Retail\CL.1688.write.1.tlog
C:\Users\creec\Desktop\silent\xbNetWork Full source\xbNetWork Full source\Stealth-Client\Stealth\Release Retail\CL.2592.read.1.tlog
C:\Users\creec\Desktop\silent\xbNetWork Full source\xbNetWork Full source\Stealth-Client\Stealth\Release Retail\CL.2592.write.1.tlog
C:\Users\creec\Desktop\silent\xbNetWork Full source\xbNetWork Full source\Stealth-Client\Stealth\Release Retail\CL.4860.read.1.tlog
C:\Users\creec\Desktop\silent\xbNetWork Full source\xbNetWork Full source\Stealth-Client\Stealth\Release Retail\CL.4860.write.1.tlog
C:\Users\creec\Desktop\silent\xbNetWork Full source\xbNetWork Full source\Stealth-Client\Stealth\Release Retail\CL.7432.read.1.tlog
C:\Users\creec\Desktop\silent\xbNetWork Full source\xbNetWork Full source\Stealth-Client\Stealth\Release Retail\CL.7432.write.1.tlog
C:\Users\creec\Desktop\silent\xbNetWork Full source\xbNetWork Full source\Stealth-Client\Stealth\Release Retail\cl.command.1.tlog
C:\Users\creec\Desktop\silent\xbNetWork Full source\xbNetWork Full source\Stealth-Client\Stealth\Release Retail\CL.read.1.tlog
C:\Users\creec\Desktop\silent\xbNetWork Full source\xbNetWork Full source\Stealth-Client\Stealth\Release Retail\CL.write.1.tlog
C:\USERS\CREEC\DESKTOP\SILENT\XBNETWORK FULL SOURCE\XBNETWORK FULL SOURCE\STEALTH-CLIENT\STEALTH\RELEASE RETAIL\CODCHEATINTERFACE.OBJ
C:\USERS\CREEC\DESKTOP\SILENT\XBNETWORK FULL SOURCE\XBNETWORK FULL SOURCE\STEALTH-CLIENT\STEALTH\RELEASE RETAIL\CONFIG.OBJ
C:\USERS\CREEC\DESKTOP\SILENT\XBNETWORK FULL SOURCE\XBNETWORK FULL SOURCE\STEALTH-CLIENT\STEALTH\RELEASE RETAIL\CPU.OBJ
C:\USERS\CREEC\DESKTOP\SILENT\XBNETWORK FULL SOURCE\XBNETWORK FULL SOURCE\STEALTH-CLIENT\STEALTH\RELEASE RETAIL\CRASHHANDLER.OBJ
C:\USERS\CREEC\DESKTOP\SILENT\XBNETWORK FULL SOURCE\XBNETWORK FULL SOURCE\STEALTH-CLIENT\STEALTH\RELEASE RETAIL\CTHREAD.OBJ
C:\USERS\CREEC\DESKTOP\SILENT\XBNETWORK FULL SOURCE\XBNETWORK FULL SOURCE\STEALTH-CLIENT\STEALTH\RELEASE RETAIL\DASHBOARD_DEFS.OBJ
C:\USERS\CREEC\DESKTOP\SILENT\XBNETWORK FULL SOURCE\XBNETWORK FULL SOURCE\STEALTH-CLIENT\STEALTH\RELEASE RETAIL\DASHBOARD_UI.OBJ
C:\USERS\CREEC\DESKTOP\SILENT\XBNETWORK FULL SOURCE\XBNETWORK FULL SOURCE\STEALTH-CLIENT\STEALTH\RELEASE RETAIL\FUNCTIONOBFUSCATION.OBJ
C:\USERS\CREEC\DESKTOP\SILENT\XBNETWORK FULL SOURCE\XBNETWORK FULL SOURCE\STEALTH-CLIENT\STEALTH\RELEASE RETAIL\GLOBAL.OBJ
C:\USERS\CREEC\DESKTOP\SILENT\XBNETWORK FULL SOURCE\XBNETWORK FULL SOURCE\STEALTH-CLIENT\STEALTH\RELEASE RETAIL\GTACHEATINTERFACE.OBJ
C:\USERS\CREEC\DESKTOP\SILENT\XBNETWORK FULL SOURCE\XBNETWORK FULL SOURCE\STEALTH-CLIENT\STEALTH\RELEASE RETAIL\HOOKING.OBJ
C:\USERS\CREEC\DESKTOP\SILENT\XBNETWORK FULL SOURCE\XBNETWORK FULL SOURCE\STEALTH-CLIENT\STEALTH\RELEASE RETAIL\HTTPCLIENT.OBJ
C:\USERS\CREEC\DESKTOP\SILENT\XBNETWORK FULL SOURCE\XBNETWORK FULL SOURCE\STEALTH-CLIENT\STEALTH\RELEASE RETAIL\HTTPDOWNLOADER.OBJ
C:\USERS\CREEC\DESKTOP\SILENT\XBNETWORK FULL SOURCE\XBNETWORK FULL SOURCE\STEALTH-CLIENT\STEALTH\RELEASE RETAIL\HTTPHEADER.OBJ
C:\USERS\CREEC\DESKTOP\SILENT\XBNETWORK FULL SOURCE\XBNETWORK FULL SOURCE\STEALTH-CLIENT\STEALTH\RELEASE RETAIL\HTTPITEM.OBJ
C:\USERS\CREEC\DESKTOP\SILENT\XBNETWORK FULL SOURCE\XBNETWORK FULL SOURCE\STEALTH-CLIENT\STEALTH\RELEASE RETAIL\HTTPWORKER.OBJ
C:\USERS\CREEC\DESKTOP\SILENT\XBNETWORK FULL SOURCE\XBNETWORK FULL SOURCE\STEALTH-CLIENT\STEALTH\RELEASE RETAIL\HUD_UI.OBJ
C:\USERS\CREEC\DESKTOP\SILENT\XBNETWORK FULL SOURCE\XBNETWORK FULL SOURCE\STEALTH-CLIENT\STEALTH\RELEASE RETAIL\HUDHOOKS.OBJ
C:\USERS\CREEC\DESKTOP\SILENT\XBNETWORK FULL SOURCE\XBNETWORK FULL SOURCE\STEALTH-CLIENT\STEALTH\RELEASE RETAIL\HYPERVISOR.OBJ
C:\USERS\CREEC\DESKTOP\SILENT\XBNETWORK FULL SOURCE\XBNETWORK FULL SOURCE\STEALTH-CLIENT\STEALTH\RELEASE RETAIL\INFECTION.OBJ
C:\USERS\CREEC\DESKTOP\SILENT\XBNETWORK FULL SOURCE\XBNETWORK FULL SOURCE\STEALTH-CLIENT\STEALTH\RELEASE RETAIL\INI.OBJ
C:\USERS\CREEC\DESKTOP\SILENT\XBNETWORK FULL SOURCE\XBNETWORK FULL SOURCE\STEALTH-CLIENT\STEALTH\RELEASE RETAIL\INTEGRITYMANAGER.OBJ
C:\USERS\CREEC\DESKTOP\SILENT\XBNETWORK FULL SOURCE\XBNETWORK FULL SOURCE\STEALTH-CLIENT\STEALTH\RELEASE RETAIL\INTERFACEREGISTRATION.OBJ
C:\USERS\CREEC\DESKTOP\SILENT\XBNETWORK FULL SOURCE\XBNETWORK FULL SOURCE\STEALTH-CLIENT\STEALTH\RELEASE RETAIL\KEYVAULT.OBJ
C:\USERS\CREEC\DESKTOP\SILENT\XBNETWORK FULL SOURCE\XBNETWORK FULL SOURCE\STEALTH-CLIENT\STEALTH\RELEASE RETAIL\LAUNCH.OBJ
C:\Users\creec\Desktop\silent\xbNetWork Full source\xbNetWork Full source\Stealth-Client\Stealth\Release Retail\link.command.1.tlog
C:\Users\creec\Desktop\silent\xbNetWork Full source\xbNetWork Full source\Stealth-Client\Stealth\Release Retail\link.read.1.tlog
C:\Users\creec\Desktop\silent\xbNetWork Full source\xbNetWork Full source\Stealth-Client\Stealth\Release Retail\link.write.1.tlog
C:\USERS\CREEC\DESKTOP\SILENT\XBNETWORK FULL SOURCE\XBNETWORK FULL SOURCE\STEALTH-CLIENT\STEALTH\RELEASE RETAIL\LOG.OBJ
C:\USERS\CREEC\DESKTOP\SILENT\XBNETWORK FULL SOURCE\XBNETWORK FULL SOURCE\STEALTH-CLIENT\STEALTH\RELEASE RETAIL\MAIN.OBJ
C:\USERS\CREEC\DESKTOP\SILENT\XBNETWORK FULL SOURCE\XBNETWORK FULL SOURCE\STEALTH-CLIENT\STEALTH\RELEASE RETAIL\MEMORY.OBJ
C:\USERS\CREEC\DESKTOP\SILENT\XBNETWORK FULL SOURCE\XBNETWORK FULL SOURCE\STEALTH-CLIENT\STEALTH\RELEASE RETAIL\METRIC.OBJ
C:\USERS\CREEC\DESKTOP\SILENT\XBNETWORK FULL SOURCE\XBNETWORK FULL SOURCE\STEALTH-CLIENT\STEALTH\RELEASE RETAIL\METRICBREAKPOINT.OBJ
C:\USERS\CREEC\DESKTOP\SILENT\XBNETWORK FULL SOURCE\XBNETWORK FULL SOURCE\STEALTH-CLIENT\STEALTH\RELEASE RETAIL\METRICINTEGRITYCHECKFAILED.OBJ
C:\USERS\CREEC\DESKTOP\SILENT\XBNETWORK FULL SOURCE\XBNETWORK FULL SOURCE\STEALTH-CLIENT\STEALTH\RELEASE RETAIL\METRICMODULEDIGESTMISMATCH.OBJ
C:\USERS\CREEC\DESKTOP\SILENT\XBNETWORK FULL SOURCE\XBNETWORK FULL SOURCE\STEALTH-CLIENT\STEALTH\RELEASE RETAIL\NATIVEINVOKER.OBJ
C:\USERS\CREEC\DESKTOP\SILENT\XBNETWORK FULL SOURCE\XBNETWORK FULL SOURCE\STEALTH-CLIENT\STEALTH\RELEASE RETAIL\NATIVES.OBJ
C:\USERS\CREEC\DESKTOP\SILENT\XBNETWORK FULL SOURCE\XBNETWORK FULL SOURCE\STEALTH-CLIENT\STEALTH\RELEASE RETAIL\NETWORK.OBJ
C:\USERS\CREEC\DESKTOP\SILENT\XBNETWORK FULL SOURCE\XBNETWORK FULL SOURCE\STEALTH-CLIENT\STEALTH\RELEASE RETAIL\NETWORKENCRYPTION.OBJ
C:\USERS\CREEC\DESKTOP\SILENT\XBNETWORK FULL SOURCE\XBNETWORK FULL SOURCE\STEALTH-CLIENT\STEALTH\RELEASE RETAIL\NETWORKMONITOR.OBJ
C:\USERS\CREEC\DESKTOP\SILENT\XBNETWORK FULL SOURCE\XBNETWORK FULL SOURCE\STEALTH-CLIENT\STEALTH\RELEASE RETAIL\NOTIFICATIONMONITOR.OBJ
C:\USERS\CREEC\DESKTOP\SILENT\XBNETWORK FULL SOURCE\XBNETWORK FULL SOURCE\STEALTH-CLIENT\STEALTH\RELEASE RETAIL\NOTIFY.OBJ
C:\USERS\CREEC\DESKTOP\SILENT\XBNETWORK FULL SOURCE\XBNETWORK FULL SOURCE\STEALTH-CLIENT\STEALTH\RELEASE RETAIL\PATCHES.OBJ
C:\USERS\CREEC\DESKTOP\SILENT\XBNETWORK FULL SOURCE\XBNETWORK FULL SOURCE\STEALTH-CLIENT\STEALTH\RELEASE RETAIL\PAYLOADBUILDER.OBJ
C:\USERS\CREEC\DESKTOP\SILENT\XBNETWORK FULL SOURCE\XBNETWORK FULL SOURCE\STEALTH-CLIENT\STEALTH\RELEASE RETAIL\QUICKLAUNCHCONNECT.OBJ
C:\USERS\CREEC\DESKTOP\SILENT\XBNETWORK FULL SOURCE\XBNETWORK FULL SOURCE\STEALTH-CLIENT\STEALTH\RELEASE RETAIL\REQUESTS.OBJ
C:\USERS\CREEC\DESKTOP\SILENT\XBNETWORK FULL SOURCE\XBNETWORK FULL SOURCE\STEALTH-CLIENT\STEALTH\RELEASE RETAIL\REVERSED.OBJ
C:\USERS\CREEC\DESKTOP\SILENT\XBNETWORK FULL SOURCE\XBNETWORK FULL SOURCE\STEALTH-CLIENT\STEALTH\RELEASE RETAIL\SCNGUIDEINFO.OBJ
C:\USERS\CREEC\DESKTOP\SILENT\XBNETWORK FULL SOURCE\XBNETWORK FULL SOURCE\STEALTH-CLIENT\STEALTH\RELEASE RETAIL\SECURITY.OBJ
C:\USERS\CREEC\DESKTOP\SILENT\XBNETWORK FULL SOURCE\XBNETWORK FULL SOURCE\STEALTH-CLIENT\STEALTH\RELEASE RETAIL\SETTINGS.OBJ
C:\USERS\CREEC\DESKTOP\SILENT\XBNETWORK FULL SOURCE\XBNETWORK FULL SOURCE\STEALTH-CLIENT\STEALTH\RELEASE RETAIL\SMC.OBJ
C:\USERS\CREEC\DESKTOP\SILENT\XBNETWORK FULL SOURCE\XBNETWORK FULL SOURCE\STEALTH-CLIENT\STEALTH\RELEASE RETAIL\STDAFX.OBJ
C:\USERS\CREEC\DESKTOP\SILENT\XBNETWORK FULL SOURCE\XBNETWORK FULL SOURCE\STEALTH-CLIENT\STEALTH\RELEASE RETAIL\SYSTEMHOOKS.OBJ
C:\USERS\CREEC\DESKTOP\SILENT\XBNETWORK FULL SOURCE\XBNETWORK FULL SOURCE\STEALTH-CLIENT\STEALTH\RELEASE RETAIL\THREADLOCK.OBJ
C:\USERS\CREEC\DESKTOP\SILENT\XBNETWORK FULL SOURCE\XBNETWORK FULL SOURCE\STEALTH-CLIENT\STEALTH\RELEASE RETAIL\TIMERMANAGER.OBJ
C:\USERS\CREEC\DESKTOP\SILENT\XBNETWORK FULL SOURCE\XBNETWORK FULL SOURCE\STEALTH-CLIENT\STEALTH\RELEASE RETAIL\TITLEHOOKS.OBJ
C:\USERS\CREEC\DESKTOP\SILENT\XBNETWORK FULL SOURCE\XBNETWORK FULL SOURCE\STEALTH-CLIENT\STEALTH\RELEASE RETAIL\TOOLS.OBJ
C:\USERS\CREEC\DESKTOP\SILENT\XBNETWORK FULL SOURCE\XBNETWORK FULL SOURCE\STEALTH-CLIENT\STEALTH\RELEASE RETAIL\UTILITIES.OBJ
C:\USERS\CREEC\DESKTOP\SILENT\XBNETWORK FULL SOURCE\XBNETWORK FULL SOURCE\STEALTH-CLIENT\STEALTH\RELEASE RETAIL\VC100.PDB
C:\USERS\CREEC\DESKTOP\SILENT\XBNETWORK FULL SOURCE\XBNETWORK FULL SOURCE\STEALTH-CLIENT\STEALTH\RELEASE RETAIL\XBLIVE.DLL
C:\Users\creec\Desktop\silent\xbNetWork Full source\xbNetWork Full source\Stealth-Client\Stealth\Release Retail\xbLive.exp
C:\Users\creec\Desktop\silent\xbNetWork Full source\xbNetWork Full source\Stealth-Client\Stealth\Release Retail\xbLive.lib
C:\USERS\CREEC\DESKTOP\SILENT\XBNETWORK FULL SOURCE\XBNETWORK FULL SOURCE\STEALTH-CLIENT\STEALTH\RELEASE RETAIL\XBLIVE.PCH
C:\Users\creec\Desktop\silent\xbNetWork Full source\xbNetWork Full source\Stealth-Client\Stealth\Release Retail\xbLive.write.1.tlog
C:\Users\creec\Desktop\silent\xbNetWork Full source\xbNetWork Full source\Stealth-Client\Stealth\Release Retail\xbLive.xdb
C:\Users\creec\Desktop\silent\xbNetWork Full source\xbNetWork Full source\Stealth-Client\Stealth\Release Retail\xbLive.xex
C:\USERS\CREEC\DESKTOP\SILENT\XBNETWORK FULL SOURCE\XBNETWORK FULL SOURCE\STEALTH-CLIENT\STEALTH\RELEASE RETAIL\XBLIVECHANGELOGSCENE.OBJ
C:\USERS\CREEC\DESKTOP\SILENT\XBNETWORK FULL SOURCE\XBNETWORK FULL SOURCE\STEALTH-CLIENT\STEALTH\RELEASE RETAIL\XBLIVECONFIG.OBJ
C:\USERS\CREEC\DESKTOP\SILENT\XBNETWORK FULL SOURCE\XBNETWORK FULL SOURCE\STEALTH-CLIENT\STEALTH\RELEASE RETAIL\XBLIVEEDITORSCENE.OBJ
C:\USERS\CREEC\DESKTOP\SILENT\XBNETWORK FULL SOURCE\XBNETWORK FULL SOURCE\STEALTH-CLIENT\STEALTH\RELEASE RETAIL\XBLIVETABSCENE.OBJ
